<?xml version="1.0" encoding="UTF-8"?>
<!-- Generated by org.testng.reporters.JUnitXMLReporter -->
<testsuite hostname="LAPTOP-II5TGD7P" name="Surefire test" tests="6" failures="0" timestamp="11 Nov 2022 05:58:34 GMT" time="0.065" errors="0">
  <testcase name="main234" time="0.0" classname="com.java.testng.TestNG"/>
  <testcase name="main345" time="0.0" classname="com.java.testng.TestNG"/>
  <testcase name="test5" time="0.002" classname="com.java.testng.TestNG1"/>
  <testcase name="test6" time="0.002" classname="com.java.testng.TestNG1"/>
  <testcase name="main1" time="0.001" classname="com.java.testng.TestNG"/>
  <testcase name="main23" time="0.0" classname="com.java.testng.TestNG"/>
</testsuite> <!-- Surefire test -->
