<?xml version="1.0" encoding="UTF-8"?>
<!-- Generated by org.testng.reporters.JUnitXMLReporter -->
<testsuite hostname="LAPTOP-II5TGD7P" name="chrome" tests="1" failures="0" timestamp="10 Nov 2022 07:03:42 GMT" time="1.655" errors="0">
  <testcase name="@BeforeTest LoginPage" time="0.0" classname="com.task.testng.HomePage">
    <failure type="io.github.bonigarcia.wdm.config.WebDriverManagerException" message="io.github.bonigarcia.wdm.config.WebDriverManagerException: java.net.UnknownHostException: chromedriver.storage.googleapis.com">
      <![CDATA[io.github.bonigarcia.wdm.config.WebDriverManagerException: io.github.bonigarcia.wdm.config.WebDriverManagerException: java.net.UnknownHostException: chromedriver.storage.googleapis.com
	at io.github.bonigarcia.wdm.WebDriverManager.handleException(WebDriverManager.java:777)
	at io.github.bonigarcia.wdm.WebDriverManager.manage(WebDriverManager.java:574)
	at io.github.bonigarcia.wdm.WebDriverManager.fallback(WebDriverManager.java:793)
	at io.github.bonigarcia.wdm.WebDriverManager.handleException(WebDriverManager.java:774)
	at io.github.bonigarcia.wdm.WebDriverManager.manage(WebDriverManager.java:574)
	at io.github.bonigarcia.wdm.WebDriverManager.handleException(WebDriverManager.java:767)
	at io.github.bonigarcia.wdm.WebDriverManager.manage(WebDriverManager.java:574)
	at io.github.bonigarcia.wdm.WebDriverManager.setup(WebDriverManager.java:288)
	at com.java.common.CommonUtils.browserLaunch(CommonUtils.java:26)
	at com.task.testng.HomePage.LoginPage(HomePage.java:19)
Caused by: io.github.bonigarcia.wdm.config.WebDriverManagerException: java.net.UnknownHostException: chromedriver.storage.googleapis.com
	at io.github.bonigarcia.wdm.WebDriverManager.getDriversFromXml(WebDriverManager.java:916)
	at io.github.bonigarcia.wdm.managers.ChromeDriverManager.getDriverUrls(ChromeDriverManager.java:100)
	at io.github.bonigarcia.wdm.WebDriverManager.createUrlHandler(WebDriverManager.java:798)
	at io.github.bonigarcia.wdm.WebDriverManager.download(WebDriverManager.java:650)
	at io.github.bonigarcia.wdm.WebDriverManager.manage(WebDriverManager.java:568)
	... 30 more
Caused by: java.net.UnknownHostException: chromedriver.storage.googleapis.com
	at java.net.InetAddress.getAllByName0(Unknown Source)
	at java.net.InetAddress.getAllByName(Unknown Source)
	at java.net.InetAddress.getAllByName(Unknown Source)
	at org.apache.hc.client5.http.SystemDefaultDnsResolver.resolve(SystemDefaultDnsResolver.java:43)
	at org.apache.hc.client5.http.impl.io.DefaultHttpClientConnectionOperator.connect(DefaultHttpClientConnectionOperator.java:118)
	at org.apache.hc.client5.http.impl.io.PoolingHttpClientConnectionManager.connect(PoolingHttpClientConnectionManager.java:409)
	at org.apache.hc.client5.http.impl.classic.InternalExecRuntime.connectEndpoint(InternalExecRuntime.java:164)
	at org.apache.hc.client5.http.impl.classic.InternalExecRuntime.connectEndpoint(InternalExecRuntime.java:174)
	at org.apache.hc.client5.http.impl.classic.ConnectExec.execute(ConnectExec.java:135)
	at org.apache.hc.client5.http.impl.classic.ExecChainElement.execute(ExecChainElement.java:51)
	at org.apache.hc.client5.http.impl.classic.ExecChainElement$1.proceed(ExecChainElement.java:57)
	at org.apache.hc.client5.http.impl.classic.ProtocolExec.execute(ProtocolExec.java:172)
	at org.apache.hc.client5.http.impl.classic.ExecChainElement.execute(ExecChainElement.java:51)
	at org.apache.hc.client5.http.impl.classic.ExecChainElement$1.proceed(ExecChainElement.java:57)
	at org.apache.hc.client5.http.impl.classic.HttpRequestRetryExec.execute(HttpRequestRetryExec.java:93)
	at org.apache.hc.client5.http.impl.classic.ExecChainElement.execute(ExecChainElement.java:51)
	at org.apache.hc.client5.http.impl.classic.ExecChainElement$1.proceed(ExecChainElement.java:57)
	at org.apache.hc.client5.http.impl.classic.ContentCompressionExec.execute(ContentCompressionExec.java:128)
	at org.apache.hc.client5.http.impl.classic.ExecChainElement.execute(ExecChainElement.java:51)
	at org.apache.hc.client5.http.impl.classic.ExecChainElement$1.proceed(ExecChainElement.java:57)
	at org.apache.hc.client5.http.impl.classic.RedirectExec.execute(RedirectExec.java:116)
	at org.apache.hc.client5.http.impl.classic.ExecChainElement.execute(ExecChainElement.java:51)
	at org.apache.hc.client5.http.impl.classic.InternalHttpClient.doExecute(InternalHttpClient.java:178)
	at org.apache.hc.client5.http.impl.classic.CloseableHttpClient.execute(CloseableHttpClient.java:75)
	at org.apache.hc.client5.http.impl.classic.CloseableHttpClient.execute(CloseableHttpClient.java:89)
	at io.github.bonigarcia.wdm.online.HttpClient.execute(HttpClient.java:139)
	at io.github.bonigarcia.wdm.WebDriverManager.getDriversFromXml(WebDriverManager.java:901)
	... 34 more
... Removed 22 stack frames]]>
    </failure>
  </testcase> <!-- @BeforeTest LoginPage -->
  <testcase name="Test001_Login" time="0.0" classname="com.task.testng.HomePage">
    <skipped/>
  </testcase> <!-- Test001_Login -->
</testsuite> <!-- chrome -->
