<?xml version="1.0" encoding="UTF-8"?>
<testsuite xmlns:xsi="http://www.w3.org/2001/XMLSchema-instance" xsi:noNamespaceSchemaLocation="https://maven.apache.org/surefire/maven-surefire-plugin/xsd/surefire-test-report-3.0.xsd" version="3.0" name="TestSuite" time="1.338" tests="6" errors="0" skipped="0" failures="0">
  <properties>
[...]
</properties>
  <testcase name="main234" classname="com.java.testng.TestNG" time="0.005"/>
  <testcase name="main345" classname="com.java.testng.TestNG" time="0"/>
  <testcase name="test5" classname="com.java.testng.TestNG1" time="0.002"/>
  <testcase name="test6" classname="com.java.testng.TestNG1" time="0.002"/>
  <testcase name="main1" classname="com.java.testng.TestNG" time="0.002"/>
  <testcase name="main23" classname="com.java.testng.TestNG" time="0"/>
</testsuite>